0 info it worked if it ends with ok
1 verbose cli [ 'C:\\Program Files\\nodejs\\\\node.exe',
1 verbose cli   'C:\\Program Files\\nodejs\\node_modules\\npm\\bin\\npm-cli.js',
1 verbose cli   'publish' ]
2 info using npm@1.3.11
3 info using node@v0.10.21
4 verbose node symlink C:\Program Files\nodejs\\node.exe
5 verbose publish [ '.' ]
6 verbose cache add [ '.', null ]
7 verbose cache add name=undefined spec="." args=[".",null]
8 verbose parsed url { protocol: null,
8 verbose parsed url   slashes: null,
8 verbose parsed url   auth: null,
8 verbose parsed url   host: null,
8 verbose parsed url   port: null,
8 verbose parsed url   hostname: null,
8 verbose parsed url   hash: null,
8 verbose parsed url   search: null,
8 verbose parsed url   query: null,
8 verbose parsed url   pathname: '.',
8 verbose parsed url   path: '.',
8 verbose parsed url   href: '.' }
9 silly lockFile 3a52ce78- .
10 verbose lock . C:\Users\mark prades\AppData\Roaming\npm-cache\3a52ce78-.lock
11 verbose tar pack [ 'c:\\tmp\\npm-4428-d4eZVE5o\\1392562434128-0.43130929791368544\\tmp.tgz',
11 verbose tar pack   '.' ]
12 verbose tarball c:\tmp\npm-4428-d4eZVE5o\1392562434128-0.43130929791368544\tmp.tgz
13 verbose folder .
14 silly lockFile 1f1177db-tar tar://.
15 verbose lock tar://. C:\Users\mark prades\AppData\Roaming\npm-cache\1f1177db-tar.lock
16 silly lockFile a3b04bf6-4128-0-43130929791368544-tmp-tgz tar://c:\tmp\npm-4428-d4eZVE5o\1392562434128-0.43130929791368544\tmp.tgz
17 verbose lock tar://c:\tmp\npm-4428-d4eZVE5o\1392562434128-0.43130929791368544\tmp.tgz C:\Users\mark prades\AppData\Roaming\npm-cache\a3b04bf6-4128-0-43130929791368544-tmp-tgz.lock
18 silly lockFile 1f1177db-tar tar://.
19 silly lockFile 1f1177db-tar tar://.
20 silly lockFile a3b04bf6-4128-0-43130929791368544-tmp-tgz tar://c:\tmp\npm-4428-d4eZVE5o\1392562434128-0.43130929791368544\tmp.tgz
21 silly lockFile a3b04bf6-4128-0-43130929791368544-tmp-tgz tar://c:\tmp\npm-4428-d4eZVE5o\1392562434128-0.43130929791368544\tmp.tgz
22 verbose tar unpack c:\tmp\npm-4428-d4eZVE5o\1392562434128-0.43130929791368544\tmp.tgz
23 silly lockFile 000b8a05-4128-0-43130929791368544-package tar://c:\tmp\npm-4428-d4eZVE5o\1392562434128-0.43130929791368544\package
24 verbose lock tar://c:\tmp\npm-4428-d4eZVE5o\1392562434128-0.43130929791368544\package C:\Users\mark prades\AppData\Roaming\npm-cache\000b8a05-4128-0-43130929791368544-package.lock
25 silly lockFile a3b04bf6-4128-0-43130929791368544-tmp-tgz tar://c:\tmp\npm-4428-d4eZVE5o\1392562434128-0.43130929791368544\tmp.tgz
26 verbose lock tar://c:\tmp\npm-4428-d4eZVE5o\1392562434128-0.43130929791368544\tmp.tgz C:\Users\mark prades\AppData\Roaming\npm-cache\a3b04bf6-4128-0-43130929791368544-tmp-tgz.lock
27 silly gunzTarPerm modes [ '755', '644' ]
28 silly gunzTarPerm extractEntry package.json
29 silly gunzTarPerm modified mode [ 'package.json', 438, 420 ]
30 silly gunzTarPerm extractEntry .npmignore
31 silly gunzTarPerm modified mode [ '.npmignore', 438, 420 ]
32 silly gunzTarPerm extractEntry README.md
33 silly gunzTarPerm modified mode [ 'README.md', 438, 420 ]
34 silly gunzTarPerm extractEntry form.js
35 silly gunzTarPerm modified mode [ 'form.js', 438, 420 ]
36 silly gunzTarPerm extractEntry test/fields.test.js
37 silly gunzTarPerm modified mode [ 'test/fields.test.js', 438, 420 ]
38 silly gunzTarPerm extractEntry test/form.test.js
39 silly gunzTarPerm modified mode [ 'test/form.test.js', 438, 420 ]
40 silly gunzTarPerm extractEntry .travis.yml
41 silly gunzTarPerm modified mode [ '.travis.yml', 438, 420 ]
42 silly gunzTarPerm extractEntry makefile
43 silly gunzTarPerm modified mode [ 'makefile', 438, 420 ]
44 silly gunzTarPerm extractEntry bin/ct.sh
45 silly gunzTarPerm modified mode [ 'bin/ct.sh', 438, 420 ]
46 silly gunzTarPerm extractEntry doc/fields.RadioGroup.html
47 silly gunzTarPerm modified mode [ 'doc/fields.RadioGroup.html', 438, 420 ]
48 silly gunzTarPerm extractEntry doc/fields.Base.html
49 silly gunzTarPerm modified mode [ 'doc/fields.Base.html', 438, 420 ]
50 silly gunzTarPerm extractEntry doc/fields.Check.html
51 silly gunzTarPerm modified mode [ 'doc/fields.Check.html', 438, 420 ]
52 silly gunzTarPerm extractEntry doc/fields.CheckboxGroup.html
53 silly gunzTarPerm modified mode [ 'doc/fields.CheckboxGroup.html', 438, 420 ]
54 silly gunzTarPerm extractEntry doc/fields.Choices.html
55 silly gunzTarPerm modified mode [ 'doc/fields.Choices.html', 438, 420 ]
56 silly gunzTarPerm extractEntry doc/fields.Email.html
57 silly gunzTarPerm modified mode [ 'doc/fields.Email.html', 438, 420 ]
58 silly gunzTarPerm extractEntry doc/fields.Hidden.html
59 silly gunzTarPerm modified mode [ 'doc/fields.Hidden.html', 438, 420 ]
60 silly gunzTarPerm extractEntry doc/fields.html
61 silly gunzTarPerm modified mode [ 'doc/fields.html', 438, 420 ]
62 silly gunzTarPerm extractEntry doc/fields.js.html
63 silly gunzTarPerm modified mode [ 'doc/fields.js.html', 438, 420 ]
64 silly gunzTarPerm extractEntry doc/fields.Label.html
65 silly gunzTarPerm modified mode [ 'doc/fields.Label.html', 438, 420 ]
66 silly gunzTarPerm extractEntry doc/fields.Option.html
67 silly gunzTarPerm modified mode [ 'doc/fields.Option.html', 438, 420 ]
68 silly gunzTarPerm extractEntry doc/fields.Password.html
69 silly gunzTarPerm modified mode [ 'doc/fields.Password.html', 438, 420 ]
70 silly gunzTarPerm extractEntry doc/fields.Radio.html
71 silly gunzTarPerm modified mode [ 'doc/fields.Radio.html', 438, 420 ]
72 silly gunzTarPerm extractEntry doc/fields.Button.html
73 silly gunzTarPerm modified mode [ 'doc/fields.Button.html', 438, 420 ]
74 silly gunzTarPerm extractEntry doc/fields.Select.html
75 silly gunzTarPerm modified mode [ 'doc/fields.Select.html', 438, 420 ]
76 silly gunzTarPerm extractEntry doc/fields.Submit.html
77 silly gunzTarPerm modified mode [ 'doc/fields.Submit.html', 438, 420 ]
78 silly gunzTarPerm extractEntry doc/fields.Text.html
79 silly gunzTarPerm modified mode [ 'doc/fields.Text.html', 438, 420 ]
80 silly gunzTarPerm extractEntry doc/form.FormBuilder.html
81 silly gunzTarPerm modified mode [ 'doc/form.FormBuilder.html', 438, 420 ]
82 silly gunzTarPerm extractEntry doc/form.js.html
83 silly gunzTarPerm modified mode [ 'doc/form.js.html', 438, 420 ]
84 silly gunzTarPerm extractEntry doc/form.loaders.FieldLoader.html
85 silly gunzTarPerm modified mode [ 'doc/form.loaders.FieldLoader.html', 438, 420 ]
86 silly gunzTarPerm extractEntry doc/form.loaders.html
87 silly gunzTarPerm modified mode [ 'doc/form.loaders.html', 438, 420 ]
88 silly gunzTarPerm extractEntry doc/index.html
89 silly gunzTarPerm modified mode [ 'doc/index.html', 438, 420 ]
90 silly gunzTarPerm extractEntry doc/scripts/linenumber.js
91 silly gunzTarPerm modified mode [ 'doc/scripts/linenumber.js', 438, 420 ]
92 silly gunzTarPerm extractEntry doc/scripts/prettify/lang-css.js
93 silly gunzTarPerm modified mode [ 'doc/scripts/prettify/lang-css.js', 438, 420 ]
94 silly gunzTarPerm extractEntry doc/scripts/prettify/prettify.js
95 silly gunzTarPerm modified mode [ 'doc/scripts/prettify/prettify.js', 438, 420 ]
96 silly gunzTarPerm extractEntry doc/scripts/prettify/Apache-License-2.0.txt
97 silly gunzTarPerm modified mode [ 'doc/scripts/prettify/Apache-License-2.0.txt', 438, 420 ]
98 silly gunzTarPerm extractEntry doc/styles/jsdoc-default.css
99 silly gunzTarPerm modified mode [ 'doc/styles/jsdoc-default.css', 438, 420 ]
100 silly gunzTarPerm extractEntry doc/styles/prettify-jsdoc.css
101 silly gunzTarPerm modified mode [ 'doc/styles/prettify-jsdoc.css', 438, 420 ]
102 silly gunzTarPerm extractEntry doc/styles/prettify-tomorrow.css
103 silly gunzTarPerm modified mode [ 'doc/styles/prettify-tomorrow.css', 438, 420 ]
104 silly gunzTarPerm extractEntry doc/utils.html
105 silly gunzTarPerm modified mode [ 'doc/utils.html', 438, 420 ]
106 silly gunzTarPerm extractEntry doc/utils.js.html
107 silly gunzTarPerm modified mode [ 'doc/utils.js.html', 438, 420 ]
108 silly gunzTarPerm extractEntry js/fields.js
109 silly gunzTarPerm modified mode [ 'js/fields.js', 438, 420 ]
110 silly gunzTarPerm extractEntry js/form.js
111 silly gunzTarPerm modified mode [ 'js/form.js', 438, 420 ]
112 silly gunzTarPerm extractEntry js/translation.js
113 silly gunzTarPerm modified mode [ 'js/translation.js', 438, 420 ]
114 silly gunzTarPerm extractEntry js/utils.js
115 silly gunzTarPerm modified mode [ 'js/utils.js', 438, 420 ]
116 silly gunzTarPerm extractEntry js/widgets.js
117 silly gunzTarPerm modified mode [ 'js/widgets.js', 438, 420 ]
118 silly lockFile 000b8a05-4128-0-43130929791368544-package tar://c:\tmp\npm-4428-d4eZVE5o\1392562434128-0.43130929791368544\package
119 silly lockFile 000b8a05-4128-0-43130929791368544-package tar://c:\tmp\npm-4428-d4eZVE5o\1392562434128-0.43130929791368544\package
120 silly lockFile a3b04bf6-4128-0-43130929791368544-tmp-tgz tar://c:\tmp\npm-4428-d4eZVE5o\1392562434128-0.43130929791368544\tmp.tgz
121 silly lockFile a3b04bf6-4128-0-43130929791368544-tmp-tgz tar://c:\tmp\npm-4428-d4eZVE5o\1392562434128-0.43130929791368544\tmp.tgz
122 verbose tar pack [ 'C:\\Users\\mark prades\\AppData\\Roaming\\npm-cache\\mpm.form\\0.0.25\\package.tgz',
122 verbose tar pack   'c:\\tmp\\npm-4428-d4eZVE5o\\1392562434128-0.43130929791368544\\package' ]
123 verbose tarball C:\Users\mark prades\AppData\Roaming\npm-cache\mpm.form\0.0.25\package.tgz
124 verbose folder c:\tmp\npm-4428-d4eZVE5o\1392562434128-0.43130929791368544\package
125 silly lockFile 000b8a05-4128-0-43130929791368544-package tar://c:\tmp\npm-4428-d4eZVE5o\1392562434128-0.43130929791368544\package
126 verbose lock tar://c:\tmp\npm-4428-d4eZVE5o\1392562434128-0.43130929791368544\package C:\Users\mark prades\AppData\Roaming\npm-cache\000b8a05-4128-0-43130929791368544-package.lock
127 silly lockFile c3be9f48-ache-mpm-form-0-0-25-package-tgz tar://C:\Users\mark prades\AppData\Roaming\npm-cache\mpm.form\0.0.25\package.tgz
128 verbose lock tar://C:\Users\mark prades\AppData\Roaming\npm-cache\mpm.form\0.0.25\package.tgz C:\Users\mark prades\AppData\Roaming\npm-cache\c3be9f48-ache-mpm-form-0-0-25-package-tgz.lock
129 silly lockFile 000b8a05-4128-0-43130929791368544-package tar://c:\tmp\npm-4428-d4eZVE5o\1392562434128-0.43130929791368544\package
130 silly lockFile 000b8a05-4128-0-43130929791368544-package tar://c:\tmp\npm-4428-d4eZVE5o\1392562434128-0.43130929791368544\package
131 silly lockFile c3be9f48-ache-mpm-form-0-0-25-package-tgz tar://C:\Users\mark prades\AppData\Roaming\npm-cache\mpm.form\0.0.25\package.tgz
132 silly lockFile c3be9f48-ache-mpm-form-0-0-25-package-tgz tar://C:\Users\mark prades\AppData\Roaming\npm-cache\mpm.form\0.0.25\package.tgz
133 silly lockFile 878640af-pm-cache-mpm-form-0-0-25-package C:\Users\mark prades\AppData\Roaming\npm-cache\mpm.form\0.0.25\package
134 verbose lock C:\Users\mark prades\AppData\Roaming\npm-cache\mpm.form\0.0.25\package C:\Users\mark prades\AppData\Roaming\npm-cache\878640af-pm-cache-mpm-form-0-0-25-package.lock
135 silly lockFile 878640af-pm-cache-mpm-form-0-0-25-package C:\Users\mark prades\AppData\Roaming\npm-cache\mpm.form\0.0.25\package
136 silly lockFile 878640af-pm-cache-mpm-form-0-0-25-package C:\Users\mark prades\AppData\Roaming\npm-cache\mpm.form\0.0.25\package
137 verbose tar unpack C:\Users\mark prades\AppData\Roaming\npm-cache\mpm.form\0.0.25\package.tgz
138 silly lockFile a4c2fe48-pm-cache-mpm-form-0-0-25-package tar://C:\Users\mark prades\AppData\Roaming\npm-cache\mpm.form\0.0.25\package
139 verbose lock tar://C:\Users\mark prades\AppData\Roaming\npm-cache\mpm.form\0.0.25\package C:\Users\mark prades\AppData\Roaming\npm-cache\a4c2fe48-pm-cache-mpm-form-0-0-25-package.lock
140 silly lockFile c3be9f48-ache-mpm-form-0-0-25-package-tgz tar://C:\Users\mark prades\AppData\Roaming\npm-cache\mpm.form\0.0.25\package.tgz
141 verbose lock tar://C:\Users\mark prades\AppData\Roaming\npm-cache\mpm.form\0.0.25\package.tgz C:\Users\mark prades\AppData\Roaming\npm-cache\c3be9f48-ache-mpm-form-0-0-25-package-tgz.lock
142 silly gunzTarPerm modes [ '755', '644' ]
143 silly gunzTarPerm extractEntry package.json
144 silly gunzTarPerm modified mode [ 'package.json', 438, 420 ]
145 silly gunzTarPerm extractEntry .npmignore
146 silly gunzTarPerm modified mode [ '.npmignore', 438, 420 ]
147 silly gunzTarPerm extractEntry README.md
148 silly gunzTarPerm modified mode [ 'README.md', 438, 420 ]
149 silly gunzTarPerm extractEntry form.js
150 silly gunzTarPerm modified mode [ 'form.js', 438, 420 ]
151 silly gunzTarPerm extractEntry .travis.yml
152 silly gunzTarPerm modified mode [ '.travis.yml', 438, 420 ]
153 silly gunzTarPerm extractEntry bin/ct.sh
154 silly gunzTarPerm modified mode [ 'bin/ct.sh', 438, 420 ]
155 silly gunzTarPerm extractEntry doc/fields.RadioGroup.html
156 silly gunzTarPerm modified mode [ 'doc/fields.RadioGroup.html', 438, 420 ]
157 silly gunzTarPerm extractEntry doc/fields.Base.html
158 silly gunzTarPerm modified mode [ 'doc/fields.Base.html', 438, 420 ]
159 silly gunzTarPerm extractEntry doc/fields.Check.html
160 silly gunzTarPerm modified mode [ 'doc/fields.Check.html', 438, 420 ]
161 silly gunzTarPerm extractEntry doc/fields.CheckboxGroup.html
162 silly gunzTarPerm modified mode [ 'doc/fields.CheckboxGroup.html', 438, 420 ]
163 silly gunzTarPerm extractEntry doc/fields.Choices.html
164 silly gunzTarPerm modified mode [ 'doc/fields.Choices.html', 438, 420 ]
165 silly gunzTarPerm extractEntry doc/fields.Email.html
166 silly gunzTarPerm modified mode [ 'doc/fields.Email.html', 438, 420 ]
167 silly gunzTarPerm extractEntry doc/fields.Hidden.html
168 silly gunzTarPerm modified mode [ 'doc/fields.Hidden.html', 438, 420 ]
169 silly gunzTarPerm extractEntry doc/fields.html
170 silly gunzTarPerm modified mode [ 'doc/fields.html', 438, 420 ]
171 silly gunzTarPerm extractEntry doc/fields.js.html
172 silly gunzTarPerm modified mode [ 'doc/fields.js.html', 438, 420 ]
173 silly gunzTarPerm extractEntry doc/fields.Label.html
174 silly gunzTarPerm modified mode [ 'doc/fields.Label.html', 438, 420 ]
175 silly gunzTarPerm extractEntry doc/fields.Option.html
176 silly gunzTarPerm modified mode [ 'doc/fields.Option.html', 438, 420 ]
177 silly gunzTarPerm extractEntry doc/fields.Password.html
178 silly gunzTarPerm modified mode [ 'doc/fields.Password.html', 438, 420 ]
179 silly gunzTarPerm extractEntry doc/fields.Radio.html
180 silly gunzTarPerm modified mode [ 'doc/fields.Radio.html', 438, 420 ]
181 silly gunzTarPerm extractEntry doc/fields.Button.html
182 silly gunzTarPerm modified mode [ 'doc/fields.Button.html', 438, 420 ]
183 silly gunzTarPerm extractEntry doc/fields.Select.html
184 silly gunzTarPerm modified mode [ 'doc/fields.Select.html', 438, 420 ]
185 silly gunzTarPerm extractEntry doc/fields.Submit.html
186 silly gunzTarPerm modified mode [ 'doc/fields.Submit.html', 438, 420 ]
187 silly gunzTarPerm extractEntry doc/fields.Text.html
188 silly gunzTarPerm modified mode [ 'doc/fields.Text.html', 438, 420 ]
189 silly gunzTarPerm extractEntry doc/form.FormBuilder.html
190 silly gunzTarPerm modified mode [ 'doc/form.FormBuilder.html', 438, 420 ]
191 silly gunzTarPerm extractEntry doc/form.js.html
192 silly gunzTarPerm modified mode [ 'doc/form.js.html', 438, 420 ]
193 silly gunzTarPerm extractEntry doc/form.loaders.FieldLoader.html
194 silly gunzTarPerm modified mode [ 'doc/form.loaders.FieldLoader.html', 438, 420 ]
195 silly gunzTarPerm extractEntry doc/form.loaders.html
196 silly gunzTarPerm modified mode [ 'doc/form.loaders.html', 438, 420 ]
197 silly gunzTarPerm extractEntry doc/index.html
198 silly gunzTarPerm modified mode [ 'doc/index.html', 438, 420 ]
199 silly gunzTarPerm extractEntry doc/scripts/linenumber.js
200 silly gunzTarPerm modified mode [ 'doc/scripts/linenumber.js', 438, 420 ]
201 silly gunzTarPerm extractEntry doc/scripts/prettify/lang-css.js
202 silly gunzTarPerm modified mode [ 'doc/scripts/prettify/lang-css.js', 438, 420 ]
203 silly gunzTarPerm extractEntry doc/scripts/prettify/prettify.js
204 silly gunzTarPerm modified mode [ 'doc/scripts/prettify/prettify.js', 438, 420 ]
205 silly gunzTarPerm extractEntry doc/scripts/prettify/Apache-License-2.0.txt
206 silly gunzTarPerm modified mode [ 'doc/scripts/prettify/Apache-License-2.0.txt', 438, 420 ]
207 silly gunzTarPerm extractEntry doc/styles/jsdoc-default.css
208 silly gunzTarPerm modified mode [ 'doc/styles/jsdoc-default.css', 438, 420 ]
209 silly gunzTarPerm extractEntry doc/styles/prettify-jsdoc.css
210 silly gunzTarPerm modified mode [ 'doc/styles/prettify-jsdoc.css', 438, 420 ]
211 silly gunzTarPerm extractEntry doc/styles/prettify-tomorrow.css
212 silly gunzTarPerm modified mode [ 'doc/styles/prettify-tomorrow.css', 438, 420 ]
213 silly gunzTarPerm extractEntry doc/utils.html
214 silly gunzTarPerm modified mode [ 'doc/utils.html', 438, 420 ]
215 silly gunzTarPerm extractEntry doc/utils.js.html
216 silly gunzTarPerm modified mode [ 'doc/utils.js.html', 438, 420 ]
217 silly gunzTarPerm extractEntry js/fields.js
218 silly gunzTarPerm modified mode [ 'js/fields.js', 438, 420 ]
219 silly gunzTarPerm extractEntry js/form.js
220 silly gunzTarPerm modified mode [ 'js/form.js', 438, 420 ]
221 silly gunzTarPerm extractEntry js/translation.js
222 silly gunzTarPerm modified mode [ 'js/translation.js', 438, 420 ]
223 silly gunzTarPerm extractEntry js/utils.js
224 silly gunzTarPerm modified mode [ 'js/utils.js', 438, 420 ]
225 silly gunzTarPerm extractEntry js/widgets.js
226 silly gunzTarPerm modified mode [ 'js/widgets.js', 438, 420 ]
227 silly gunzTarPerm extractEntry makefile
228 silly gunzTarPerm modified mode [ 'makefile', 438, 420 ]
229 silly gunzTarPerm extractEntry test/fields.test.js
230 silly gunzTarPerm modified mode [ 'test/fields.test.js', 438, 420 ]
231 silly gunzTarPerm extractEntry test/form.test.js
232 silly gunzTarPerm modified mode [ 'test/form.test.js', 438, 420 ]
233 silly lockFile a4c2fe48-pm-cache-mpm-form-0-0-25-package tar://C:\Users\mark prades\AppData\Roaming\npm-cache\mpm.form\0.0.25\package
234 silly lockFile a4c2fe48-pm-cache-mpm-form-0-0-25-package tar://C:\Users\mark prades\AppData\Roaming\npm-cache\mpm.form\0.0.25\package
235 silly lockFile c3be9f48-ache-mpm-form-0-0-25-package-tgz tar://C:\Users\mark prades\AppData\Roaming\npm-cache\mpm.form\0.0.25\package.tgz
236 silly lockFile c3be9f48-ache-mpm-form-0-0-25-package-tgz tar://C:\Users\mark prades\AppData\Roaming\npm-cache\mpm.form\0.0.25\package.tgz
237 verbose chmod C:\Users\mark prades\AppData\Roaming\npm-cache\mpm.form\0.0.25\package.tgz 644
238 silly chown skipping for windows C:\Users\mark prades\AppData\Roaming\npm-cache\mpm.form\0.0.25\package.tgz
239 silly lockFile 3a52ce78- .
240 silly lockFile 3a52ce78- .
241 silly publish { name: 'mpm.form',
241 silly publish   version: '0.0.25',
241 silly publish   description: 'Form library from the web',
241 silly publish   main: 'form.js',
241 silly publish   scripts: { test: 'mocha' },
241 silly publish   dependencies: { underscore: '*', 'mpm.validation': '0.0.x' },
241 silly publish   devDependencies: { mocha: '*', chai: '*' },
241 silly publish   repository: { type: 'git', url: 'https://github.com/Mparaiso/mpm.form' },
241 silly publish   keywords: [ 'forms', 'form', 'web' ],
241 silly publish   author: { name: 'mparaiso' },
241 silly publish   license: 'MIT',
241 silly publish   bugs: { url: 'https://github.com/Mparaiso/mpm.form/issues' },
241 silly publish   readme: 'mpm.form\r\n========\r\n\r\n[![NPM](https://nodei.co/npm/mpm.form.png?downloads=true)](https://nodei.co/npm/mpm.form/)\r\n\r\n\r\n[![Build Status](https://travis-ci.org/Mparaiso/mpm.form.png?branch=master)](https://travis-ci.org/Mparaiso/mpm.form)\r\n\r\nversion: 0.0.25\r\n\r\nauthor: mparaiso <mparaiso@online.fr>\r\n\r\nA form library for node.js\r\n\r\nWith __mpm.form__ , js developpers no longer need to write their forms and validate them by hand. \r\nmpm.form handles form creation , request and model binding ,  validation and html rendering of\r\nform widgets.\r\n\r\n####ChangeLog\r\n- 0.0.25 form can now validate sync\r\n- 0.0.24 api changed , form.createBuilder is now __form.create__\r\n- 0.0.23 api changed , see basic usage\r\n- 0.0.22 added fields.Repeated\r\n- 0.0.20 added fields.Email\r\n- 0.0.19 fields.Date && fields.Time added\r\n- 0.0.17 formBuilder.add arguments are now (name,formType,options) instead of (formType,name,options)\r\n\r\n\r\n####INSTALLATION\r\n\r\nin package.json file : \r\n\r\n\t"dependencies":{\r\n\t\t"mpm.form":"*"\r\n\t}\r\n\r\n####BASIC USAGE\r\n\r\n\r\n\r\nGiven a blog application , users need to write posts.\r\nLet\'s create a form for blog posts\r\n\t \r\n\tvar form = require(\'mpm.form\'),\r\n\t    validation = form.validation;\r\n\t// FormBuilder.add(fieldname,fieldtype,fieldoptions)\r\n\tvar postForm = form.create("post_form"/*the form name*/)\r\n        .add(\'title\', \'text\', {\r\n            validators: [validation.Required(), validation.Length(3, 200)]})\r\n        .add(\'excerpt\', \'textarea\', {attributes: {rows: 3},\r\n            validators: validation.Required()})\r\n        .add(\'content\', \'textarea\', {attributes: {rows: 10},\r\n            validators: validation.Required()})\r\n        .add("allow_comments",\'checkbox\',{label:\'allow comments\',attributes:{value:"allow_comments"}})\r\n        .add(\'reset\', \'reset\', {attributes: {value: \'reset\'}})\r\n        .add(\'create\', \'submit\', {attributes: {value: \'create\'}, validators: validation.Required()});\r\n        \r\nRender the fields as HTML , just call formBuilder.toHTML()\r\n\r\n    postForm.toHTML();\r\n\r\nor get all form datas ,and implement a custom renderer for your template engine :\r\n\r\n    postForm.toJSON();\r\n\r\nAdd initial form data to the formBuidlder (from the a database for instance ):\r\n\r\n    var model = new ModelFromDB({content:\'some content\',title:"some title"});\r\n    postForm.setModel(model);\r\n\r\nWe want to bind our form to the body of a post request\r\n\r\nwith expressjs , one would write :\r\n\r\n    if(request.method==="POST"){\r\n    \tpostForm.bind(request.body);\r\n    }\r\n\r\npostForm now contains request.body datas, the model has been modified too\r\n    \r\nvalidate the form : \r\n\r\n    postForm.validate(function(error,isValid){\r\n\t\t...\r\n    });\r\n    \r\nisValid  will be true if the form is valid\r\n\r\nGet form errors : \r\n\r\n    postForm.getErrors(); \r\n\r\nwill yield an array of Error objects\r\nif the form is valid ,we can save the model to the db\r\n\r\n    model.save(callback)\r\n\r\n\r\n####SUPPORTED FIELDS\r\n\r\n- text: input of type text\r\n- email: input of type email\r\n- date: input of type date\r\n- time: input of type time\r\n- password: input of type password\r\n- hidden: input of type hidden\r\n- repeated  : 2 input fields that must have the same value (for password confirmation for instance )\r\n- checkbox: input of type check\r\n- radio: input of type radio\r\n- button: input of type button\r\n- submit: input of type submit\r\n- reset: input of type reset\r\n- textarea: textarea widget\r\n- select: a dropdown list of options\r\n- checkboxgroup: a group of checkboxes\r\n- radiogroup: a group of radio widgets\r\n- label: a label\r\n\r\n####SUPPORTED VALIDATORS : \r\n\r\nsee : https://github.com/Mparaiso/mpm.validation for a list of supported validators\r\n\r\n\r\n',
241 silly publish   readmeFilename: 'README.md',
241 silly publish   _id: 'mpm.form@0.0.25',
241 silly publish   dist: { shasum: '52cf6b44a0623bc9fdbc4f3862abc038e80f89d7' },
241 silly publish   _from: '.' }
242 verbose url raw mpm.form
243 verbose url resolving [ 'https://registry.npmjs.org/', './mpm.form' ]
244 verbose url resolved https://registry.npmjs.org/mpm.form
245 info trying registry request attempt 1 at 15:53:56
246 http PUT https://registry.npmjs.org/mpm.form
247 http 409 https://registry.npmjs.org/mpm.form
248 verbose url raw mpm.form
249 verbose url resolving [ 'https://registry.npmjs.org/', './mpm.form' ]
250 verbose url resolved https://registry.npmjs.org/mpm.form
251 info trying registry request attempt 1 at 15:53:57
252 http GET https://registry.npmjs.org/mpm.form
253 http 200 https://registry.npmjs.org/mpm.form
254 error publish fail Cannot publish over existing version.
254 error publish fail Update the 'version' field in package.json and try again.
254 error publish fail
254 error publish fail If the previous version was published in error, see:
254 error publish fail     npm help unpublish
254 error publish fail
254 error publish fail To automatically increment version numbers, see:
254 error publish fail     npm help version
255 error System Windows_NT 6.1.7601
256 error command "C:\\Program Files\\nodejs\\\\node.exe" "C:\\Program Files\\nodejs\\node_modules\\npm\\bin\\npm-cli.js" "publish"
257 error cwd c:\development\categories\node\mpm.form
258 error node -v v0.10.21
259 error npm -v 1.3.11
260 error code EPUBLISHCONFLICT
261 verbose exit [ 1, true ]
